SF:lib\helpers\counter.dart
DA:7,1
DA:8,1
DA:10,1
DA:13,1
DA:14,1
DA:15,3
DA:19,1
DA:20,1
DA:21,3
DA:25,3
DA:26,3
DA:28,1
DA:29,3
DA:31,1
DA:33,1
DA:34,1
DA:35,4
DA:37,1
LF:18
LH:18
end_of_record
SF:lib\helpers\roman.dart
DA:1,3
DA:17,1
DA:18,1
DA:19,0
DA:22,2
DA:23,1
DA:24,1
DA:25,1
DA:26,1
DA:33,1
DA:34,1
DA:36,2
DA:37,1
DA:38,1
DA:39,3
DA:40,1
DA:47,1
DA:48,3
DA:49,3
DA:51,3
DA:52,4
DA:53,4
DA:54,4
DA:60,3
LF:24
LH:23
end_of_record
SF:lib\bases\element.dart
DA:13,2
DA:28,0
DA:29,0
DA:31,1
DA:33,2
DA:34,3
DA:37,0
DA:38,0
DA:39,0
DA:40,0
DA:41,0
DA:42,0
DA:44,0
DA:46,0
DA:47,0
DA:48,0
DA:49,0
DA:50,0
DA:51,0
DA:52,0
DA:54,0
DA:58,0
DA:59,0
DA:60,0
DA:61,0
DA:62,0
DA:63,0
DA:64,0
DA:65,0
DA:69,0
DA:72,0
DA:75,0
DA:76,0
DA:77,0
DA:78,0
DA:79,0
DA:86,0
DA:88,0
DA:89,0
DA:90,0
DA:91,0
DA:93,0
DA:96,0
DA:97,0
DA:100,0
DA:101,0
DA:102,0
DA:103,0
DA:104,0
DA:105,0
DA:106,0
DA:108,0
DA:109,0
DA:116,0
DA:117,0
DA:118,0
DA:119,0
DA:120,0
DA:121,0
DA:123,0
DA:127,0
DA:128,0
DA:129,0
DA:130,0
DA:131,0
DA:134,0
DA:135,0
DA:136,0
DA:139,0
DA:140,0
DA:141,0
DA:143,0
DA:144,0
DA:145,0
DA:147,0
DA:148,0
DA:149,0
DA:155,0
DA:156,0
DA:157,0
DA:160,0
DA:161,0
DA:162,0
DA:165,0
DA:166,0
DA:167,0
DA:170,1
DA:171,1
DA:172,2
DA:173,2
DA:174,2
DA:175,3
DA:176,3
DA:177,3
DA:179,3
DA:181,1
DA:183,3
DA:184,1
DA:185,2
LF:99
LH:17
end_of_record
SF:lib\bases\isotope.dart
DA:5,2
DA:11,0
DA:13,0
LF:3
LH:1
end_of_record
SF:lib\constants.dart
DA:4,2
DA:14,2
DA:22,2
DA:43,2
DA:56,0
DA:70,3
DA:72,1
DA:73,1
DA:74,2
DA:75,2
DA:76,2
DA:77,2
DA:78,2
DA:79,2
DA:80,2
DA:81,2
DA:82,2
DA:83,2
DA:84,2
DA:85,1
DA:86,2
DA:87,2
DA:88,2
DA:89,2
DA:90,2
DA:91,2
DA:92,2
DA:93,1
DA:96,1
DA:97,1
DA:98,1
DA:99,1
DA:100,1
DA:101,1
DA:102,1
DA:103,1
DA:104,3
DA:105,4
DA:107,3
DA:108,5
DA:110,3
DA:111,5
DA:113,3
DA:114,4
DA:121,0
DA:123,12
LF:46
LH:44
end_of_record
SF:lib\bases\molecule.dart
DA:24,0
DA:25,0
DA:28,0
DA:29,0
DA:42,1
DA:43,1
DA:44,0
DA:45,0
DA:46,0
DA:47,0
DA:48,0
DA:49,0
DA:50,0
DA:53,0
DA:55,1
DA:56,1
DA:60,2
DA:61,1
DA:62,0
DA:63,0
DA:64,0
DA:65,0
DA:66,0
DA:67,0
DA:68,0
DA:69,0
DA:71,0
DA:72,0
DA:76,0
DA:79,0
DA:80,0
DA:81,0
DA:82,0
DA:84,0
DA:85,0
DA:86,0
DA:90,0
DA:92,0
DA:94,0
DA:95,0
DA:96,0
DA:97,0
DA:99,0
DA:100,0
DA:104,0
DA:105,0
DA:106,0
DA:109,0
DA:113,0
DA:114,0
DA:115,0
DA:116,0
DA:117,0
DA:118,0
DA:119,0
DA:124,0
DA:125,0
DA:126,0
DA:128,0
DA:129,0
DA:130,0
DA:131,0
DA:136,0
DA:138,0
DA:141,0
DA:142,0
DA:143,0
DA:145,0
DA:146,0
DA:151,0
DA:152,0
DA:153,0
DA:154,0
DA:155,0
DA:156,0
DA:157,0
DA:161,0
DA:163,0
DA:164,0
DA:165,0
DA:166,0
DA:169,0
DA:170,0
DA:172,0
DA:173,0
DA:174,0
DA:175,0
DA:178,0
DA:180,0
DA:181,0
DA:182,0
DA:184,0
DA:185,0
DA:186,0
DA:187,0
DA:189,0
DA:191,0
DA:194,0
DA:195,0
DA:196,0
DA:198,0
DA:201,0
DA:202,0
DA:203,0
DA:204,0
DA:205,0
DA:208,0
DA:209,0
DA:210,0
DA:212,0
DA:214,0
DA:215,0
DA:218,0
DA:219,0
DA:220,0
DA:221,0
DA:222,0
DA:223,0
DA:225,0
DA:227,0
DA:229,0
DA:231,0
DA:233,0
DA:234,0
DA:236,0
DA:238,0
DA:241,0
DA:243,0
DA:244,0
DA:245,0
DA:247,0
DA:248,0
DA:251,0
DA:255,0
DA:256,0
DA:257,0
DA:259,0
DA:261,0
DA:262,0
DA:265,0
DA:268,0
DA:270,0
DA:276,0
DA:277,0
DA:278,0
DA:279,0
DA:281,0
DA:283,0
DA:287,0
DA:288,0
DA:292,0
DA:293,0
DA:294,0
DA:295,0
DA:296,0
DA:298,0
DA:302,0
DA:304,0
DA:308,0
DA:309,0
DA:310,0
DA:312,0
DA:313,0
DA:317,0
DA:320,0
DA:321,0
DA:322,0
DA:323,0
DA:324,0
DA:325,0
DA:326,0
DA:327,0
DA:329,0
DA:338,0
DA:339,0
DA:340,0
LF:176
LH:6
end_of_record
SF:lib\helpers\strings.dart
DA:1,1
DA:4,1
DA:5,2
DA:6,1
DA:8,1
DA:9,2
DA:10,1
DA:11,1
DA:12,1
DA:18,1
DA:19,2
DA:21,4
DA:22,3
DA:24,2
DA:28,2
DA:29,1
DA:31,2
DA:36,10
DA:38,2
DA:40,1
DA:42,1
DA:44,1
DA:45,1
DA:46,1
DA:47,1
DA:48,3
DA:50,1
DA:51,1
DA:52,1
DA:53,0
DA:57,5
DA:58,3
LF:32
LH:31
end_of_record
SF:lib\helpers\names.dart
DA:5,1
DA:11,1
LF:2
LH:2
end_of_record
SF:lib\periodic_table.dart
DA:6,0
DA:7,0
DA:9,2
DA:10,4
DA:11,6
DA:12,6
DA:13,6
DA:17,0
DA:19,0
DA:20,0
DA:23,0
DA:25,2
DA:26,6
DA:27,4
DA:28,8
DA:29,4
DA:30,2
DA:32,0
DA:36,4
DA:37,2
DA:45,2
DA:46,2
DA:47,2
DA:48,2
DA:51,2
DA:59,2
DA:60,2
DA:61,2
DA:62,2
DA:65,2
DA:73,2
DA:74,2
DA:75,2
DA:76,2
DA:79,2
DA:87,2
DA:88,4
DA:90,2
DA:98,2
DA:99,2
DA:100,2
DA:101,2
DA:104,2
DA:112,2
DA:120,2
DA:121,2
DA:122,2
DA:125,2
DA:128,2
DA:133,2
DA:142,2
DA:143,2
DA:144,2
DA:147,2
DA:155,2
DA:165,2
DA:166,2
DA:167,2
DA:168,2
DA:171,2
DA:179,2
DA:183,4
DA:185,2
DA:193,2
DA:195,2
DA:196,2
DA:197,2
DA:198,2
DA:201,2
DA:209,2
DA:213,4
DA:215,2
DA:223,2
DA:226,2
DA:227,2
DA:228,2
DA:229,2
DA:232,2
DA:240,2
DA:243,2
DA:244,2
DA:247,2
DA:255,2
DA:258,2
DA:259,2
DA:260,2
DA:261,2
DA:264,2
DA:272,2
DA:275,2
DA:276,2
DA:279,2
DA:287,2
DA:291,2
DA:292,2
DA:293,2
DA:294,2
DA:295,2
DA:298,2
DA:306,2
DA:310,2
DA:311,2
DA:312,2
DA:315,2
DA:323,2
DA:327,2
DA:328,2
DA:329,2
DA:330,2
DA:333,2
DA:341,2
DA:345,2
DA:346,2
DA:347,2
DA:348,2
DA:351,2
DA:359,2
DA:363,2
DA:364,2
DA:365,2
DA:366,2
DA:367,2
DA:368,2
DA:369,2
DA:372,2
DA:380,2
DA:383,2
DA:384,2
DA:387,2
DA:395,2
DA:398,2
DA:399,2
DA:400,2
DA:401,2
DA:402,2
DA:403,2
DA:406,2
DA:414,2
DA:417,2
DA:418,2
DA:419,2
DA:422,2
DA:430,2
DA:433,2
DA:434,2
DA:435,2
DA:436,2
DA:437,2
DA:440,2
DA:448,2
DA:452,2
DA:453,2
DA:456,2
DA:464,2
DA:468,2
DA:469,2
DA:470,2
DA:471,2
DA:472,2
DA:475,2
DA:483,2
DA:487,2
DA:488,2
DA:491,2
DA:499,2
DA:503,2
DA:504,2
DA:505,2
DA:506,2
DA:507,2
DA:508,2
DA:511,2
DA:519,2
DA:523,2
DA:524,2
DA:525,2
DA:528,2
DA:536,2
DA:541,2
DA:542,2
DA:543,2
DA:544,2
DA:545,2
DA:546,2
DA:549,2
DA:557,2
DA:558,2
DA:559,2
DA:560,2
DA:563,2
DA:571,2
DA:572,2
DA:573,2
DA:574,2
DA:575,2
DA:576,2
DA:577,2
DA:580,2
DA:588,2
DA:590,2
DA:591,2
DA:594,2
DA:602,2
DA:604,2
DA:605,2
DA:606,2
DA:607,2
DA:608,2
DA:609,2
DA:610,2
DA:613,2
DA:621,2
DA:623,2
DA:624,2
DA:625,2
DA:628,2
DA:636,2
DA:638,2
DA:639,2
DA:640,2
DA:641,2
DA:642,2
DA:643,2
DA:644,2
DA:647,2
DA:655,2
DA:657,2
DA:658,2
DA:659,2
DA:662,2
DA:670,2
DA:673,2
DA:674,2
DA:675,2
DA:676,2
DA:677,2
DA:680,2
DA:688,2
DA:691,2
DA:692,2
DA:695,2
DA:703,2
DA:704,2
DA:705,2
DA:706,2
DA:707,2
DA:708,2
DA:709,2
DA:712,2
DA:720,2
DA:722,2
DA:723,2
DA:726,2
DA:734,2
DA:736,2
DA:737,2
DA:738,2
DA:739,2
DA:740,2
DA:741,2
DA:742,2
DA:743,2
DA:746,2
DA:754,2
DA:755,2
DA:756,2
DA:759,2
DA:767,2
DA:768,2
DA:769,2
DA:770,2
DA:771,2
DA:772,2
DA:773,2
DA:774,2
DA:775,2
DA:778,2
DA:786,2
DA:787,2
DA:788,2
DA:791,2
DA:799,2
DA:800,2
DA:801,2
DA:802,2
DA:803,2
DA:804,2
DA:805,2
DA:806,2
DA:809,2
DA:817,2
DA:818,2
DA:819,2
DA:820,2
DA:823,2
DA:831,2
DA:832,2
DA:833,2
DA:834,2
DA:835,2
DA:836,2
DA:837,2
DA:838,2
DA:839,2
DA:840,2
DA:843,2
DA:851,2
DA:852,2
DA:853,2
DA:854,2
DA:857,2
DA:865,2
DA:866,2
DA:867,2
DA:868,2
DA:869,2
DA:870,2
DA:871,2
DA:872,2
DA:873,2
DA:874,2
DA:875,2
DA:876,2
DA:879,2
DA:887,2
DA:889,2
DA:890,2
DA:891,2
DA:894,2
DA:902,2
DA:904,2
DA:905,2
DA:906,2
DA:907,2
DA:908,2
DA:909,2
DA:910,2
DA:911,2
DA:912,2
DA:915,2
DA:923,2
DA:924,2
DA:925,2
DA:928,2
DA:936,2
DA:937,2
DA:938,2
DA:939,2
DA:940,2
DA:941,2
DA:942,2
DA:943,2
DA:944,2
DA:945,2
DA:946,2
DA:949,2
DA:957,2
DA:958,2
DA:959,2
DA:962,2
DA:970,2
DA:971,2
DA:972,2
DA:973,2
DA:974,2
DA:975,2
DA:976,2
DA:977,2
DA:978,2
DA:981,2
DA:989,2
DA:990,2
DA:991,2
DA:992,2
DA:995,2
DA:1003,2
DA:1004,2
DA:1005,2
DA:1006,2
DA:1007,2
DA:1008,2
DA:1011,2
DA:1019,2
DA:1020,2
DA:1021,2
DA:1024,2
DA:1032,2
DA:1033,2
DA:1034,2
DA:1035,2
DA:1036,2
DA:1037,2
DA:1038,2
DA:1039,2
DA:1040,2
DA:1043,2
DA:1051,2
DA:1052,2
DA:1053,2
DA:1056,2
DA:1064,2
DA:1065,2
DA:1066,2
DA:1067,2
DA:1068,2
DA:1069,2
DA:1070,2
DA:1071,2
DA:1072,2
DA:1075,2
DA:1083,2
DA:1084,2
DA:1085,2
DA:1086,2
DA:1089,2
DA:1097,2
DA:1098,2
DA:1099,2
DA:1100,2
DA:1101,2
DA:1102,2
DA:1103,2
DA:1104,2
DA:1105,2
DA:1108,2
DA:1116,2
DA:1117,2
DA:1118,2
DA:1121,2
DA:1129,2
DA:1130,2
DA:1131,2
DA:1132,2
DA:1133,2
DA:1134,2
DA:1135,2
DA:1136,2
DA:1137,2
DA:1140,2
DA:1148,2
DA:1149,2
DA:1150,2
DA:1153,2
DA:1161,2
DA:1162,2
DA:1163,2
DA:1164,2
DA:1165,2
DA:1166,2
DA:1167,2
DA:1168,2
DA:1171,2
DA:1179,2
DA:1180,2
DA:1181,2
DA:1184,2
DA:1192,2
DA:1193,2
DA:1194,2
DA:1195,2
DA:1196,2
DA:1197,2
DA:1198,2
DA:1199,2
DA:1200,2
DA:1203,2
DA:1211,2
DA:1212,2
DA:1213,2
DA:1214,2
DA:1217,2
DA:1225,2
DA:1226,2
DA:1227,2
DA:1228,2
DA:1229,2
DA:1230,2
DA:1231,2
DA:1232,2
DA:1235,2
DA:1243,2
DA:1244,2
DA:1245,2
DA:1246,2
DA:1249,2
DA:1257,2
DA:1258,2
DA:1259,2
DA:1260,2
DA:1261,2
DA:1262,2
DA:1263,2
DA:1266,2
DA:1274,2
DA:1275,2
DA:1276,2
DA:1277,2
DA:1280,2
DA:1288,2
DA:1289,2
DA:1290,2
DA:1291,2
DA:1292,2
DA:1293,2
DA:1294,2
DA:1295,2
DA:1296,2
DA:1299,2
DA:1307,2
DA:1308,2
DA:1309,2
DA:1310,2
DA:1313,2
DA:1321,2
DA:1322,2
DA:1323,2
DA:1324,2
DA:1325,2
DA:1326,2
DA:1327,2
DA:1328,2
DA:1331,2
DA:1339,2
DA:1340,2
DA:1341,2
DA:1344,2
DA:1352,2
DA:1353,2
DA:1354,2
DA:1355,2
DA:1356,2
DA:1357,2
DA:1358,2
DA:1359,2
DA:1360,2
DA:1363,2
DA:1371,2
DA:1372,2
DA:1373,2
DA:1374,2
DA:1377,2
DA:1385,2
DA:1386,2
DA:1387,2
DA:1388,2
DA:1389,2
DA:1390,2
DA:1393,2
DA:1401,2
DA:1403,2
DA:1404,2
DA:1407,2
DA:1415,2
DA:1416,2
DA:1417,2
DA:1420,2
DA:1428,2
DA:1429,2
DA:1430,2
DA:1433,2
DA:1441,2
DA:1442,2
DA:1443,2
DA:1446,2
DA:1454,2
DA:1455,2
DA:1456,2
DA:1459,2
DA:1467,2
DA:1468,2
DA:1469,2
DA:1472,2
DA:1480,2
DA:1481,2
DA:1482,2
DA:1485,2
DA:1493,2
DA:1494,2
DA:1495,2
DA:1498,2
DA:1506,2
DA:1507,2
DA:1508,2
DA:1511,2
DA:1519,2
DA:1520,2
DA:1521,2
DA:1522,2
DA:1523,2
DA:1526,2
DA:1534,2
DA:1535,2
DA:1536,2
DA:1539,2
DA:1547,2
DA:1548,2
DA:1549,2
DA:1552,2
DA:1560,2
DA:1561,2
DA:1562,2
DA:1565,2
DA:1573,2
DA:1574,2
DA:1575,2
DA:1578,2
DA:1586,2
DA:1587,2
DA:1588,2
DA:1591,2
DA:1599,2
DA:1600,2
DA:1601,2
DA:1604,2
DA:1612,2
DA:1613,2
DA:1614,2
DA:1617,2
DA:1625,2
DA:1626,2
DA:1627,2
DA:1630,2
DA:1638,2
DA:1639,2
DA:1640,2
DA:1643,2
DA:1651,2
DA:1652,2
DA:1653,2
DA:1656,2
DA:1664,2
DA:1665,2
DA:1666,2
DA:1669,2
DA:1677,2
DA:1678,2
DA:1679,2
DA:1682,2
DA:1690,2
DA:1691,2
DA:1692,2
DA:1695,2
DA:1703,2
DA:1704,2
DA:1705,2
DA:1708,2
DA:1716,2
DA:1717,2
DA:1718,2
DA:1721,2
DA:1729,2
DA:1730,2
DA:1731,2
DA:1734,2
DA:1742,2
DA:1743,2
DA:1744,2
DA:1747,0
DA:1748,0
DA:1754,0
DA:1761,0
DA:1765,0
DA:1771,0
DA:1780,0
DA:1788,0
DA:1797,0
DA:1807,0
DA:1815,0
DA:1823,0
DA:1829,0
DA:1838,0
DA:1846,0
DA:1853,0
DA:1858,0
DA:1864,0
DA:1871,0
DA:1876,0
DA:1883,0
DA:1888,0
DA:1894,0
DA:1900,0
DA:1918,0
DA:1922,0
DA:1927,0
DA:1935,0
DA:1943,0
DA:1947,0
DA:1953,0
DA:1959,0
DA:1967,0
DA:1973,0
DA:1979,0
DA:1984,0
DA:1990,0
DA:2000,0
DA:2008,0
DA:2014,0
DA:2021,0
DA:2027,0
DA:2034,0
DA:2049,0
DA:2058,0
DA:2064,0
DA:2070,0
DA:2076,0
DA:2081,0
DA:2087,0
DA:2093,0
DA:2099,0
DA:2106,0
DA:2112,0
DA:2120,0
DA:2128,0
DA:2145,0
DA:2151,0
DA:2162,0
DA:2169,0
DA:2175,0
DA:2193,0
DA:2203,0
DA:2214,0
DA:2219,0
DA:2226,0
DA:2231,0
DA:2243,0
DA:2259,0
DA:2266,0
DA:2272,0
DA:2277,0
DA:2290,0
DA:2296,0
DA:2303,0
DA:2309,0
DA:2314,0
DA:2318,0
DA:2333,0
DA:2350,0
DA:2362,0
DA:2369,0
DA:2382,0
DA:2388,0
DA:2396,0
DA:2403,0
DA:2410,0
DA:2419,0
DA:2425,0
DA:2431,0
DA:2440,0
DA:2447,0
DA:2454,0
DA:2460,0
DA:2468,0
DA:2478,0
DA:2485,0
DA:2492,0
DA:2499,0
DA:2507,0
DA:2518,0
DA:2525,0
DA:2533,0
DA:2540,0
DA:2553,0
DA:2560,0
DA:2565,0
DA:2571,0
DA:2577,0
DA:2582,0
LF:767
LH:650
end_of_record
